TN:
SF:src/hexadecimal.ts
FN:6,(anonymous_0)
FN:10,(anonymous_1)
FN:16,(anonymous_2)
FN:20,(anonymous_3)
FN:27,(anonymous_4)
FN:35,(anonymous_5)
FNF:6
FNH:6
FNDA:10,(anonymous_0)
FNDA:9,(anonymous_1)
FNDA:8,(anonymous_2)
FNDA:2,(anonymous_3)
FNDA:3,(anonymous_4)
FNDA:1,(anonymous_5)
DA:2,1
DA:3,10
DA:4,10
DA:7,10
DA:11,9
DA:12,9
DA:13,6
DA:17,8
DA:21,2
DA:22,2
DA:23,2
DA:24,2
DA:28,3
DA:29,3
DA:30,3
DA:31,3
DA:36,1
DA:37,1
LF:18
LH:18
BRDA:10,0,0,4
BRDA:12,1,0,3
BRDA:12,1,1,6
BRF:3
BRH:3
end_of_record
TN:
SF:src/ejercicio1/ejercicio1.1.ts
FN:24,(anonymous_0)
FN:31,(anonymous_1)
FNF:2
FNH:2
FNDA:2,(anonymous_0)
FNDA:2,(anonymous_1)
DA:8,1
DA:10,1
DA:11,1
DA:14,1
DA:25,2
DA:26,2
DA:33,2
DA:34,2
DA:36,2
DA:38,5
DA:40,5
DA:41,0
DA:43,5
DA:44,5
DA:45,5
DA:46,5
DA:48,0
DA:49,0
DA:51,0
DA:52,0
DA:55,0
DA:56,0
DA:57,0
DA:59,0
DA:60,0
DA:62,0
DA:63,0
DA:66,0
DA:67,0
DA:68,0
DA:70,0
DA:71,0
DA:73,0
DA:74,0
DA:77,0
DA:78,0
DA:79,0
DA:81,0
DA:82,0
DA:84,0
DA:85,0
DA:90,5
DA:91,0
DA:93,5
DA:94,5
DA:95,0
DA:96,0
DA:98,0
DA:99,0
DA:101,0
DA:102,0
DA:105,5
DA:106,5
DA:107,5
DA:109,0
DA:110,0
DA:112,0
DA:113,0
DA:116,0
DA:117,0
DA:118,0
DA:120,0
DA:121,0
DA:123,0
DA:124,0
DA:127,0
DA:128,0
DA:129,0
DA:131,0
DA:132,0
DA:134,0
DA:135,0
DA:140,5
DA:141,5
DA:142,5
DA:143,5
DA:146,2
DA:147,0
DA:149,0
DA:152,2
DA:154,2
DA:161,1
DA:162,1
DA:164,1
LF:84
LH:31
BRDA:36,0,0,7
BRDA:36,0,1,2
BRDA:40,1,0,0
BRDA:40,1,1,5
BRDA:43,2,0,5
BRDA:43,2,1,0
BRDA:44,3,0,5
BRDA:44,3,1,0
BRDA:45,4,0,5
BRDA:45,4,1,0
BRDA:48,5,0,0
BRDA:48,5,1,0
BRDA:51,6,0,0
BRDA:51,6,1,0
BRDA:55,7,0,0
BRDA:55,7,1,0
BRDA:56,8,0,0
BRDA:56,8,1,0
BRDA:59,9,0,0
BRDA:59,9,1,0
BRDA:62,10,0,0
BRDA:62,10,1,0
BRDA:66,11,0,0
BRDA:66,11,1,0
BRDA:67,12,0,0
BRDA:67,12,1,0
BRDA:70,13,0,0
BRDA:70,13,1,0
BRDA:73,14,0,0
BRDA:73,14,1,0
BRDA:77,15,0,0
BRDA:77,15,1,0
BRDA:78,16,0,0
BRDA:78,16,1,0
BRDA:81,17,0,0
BRDA:81,17,1,0
BRDA:84,18,0,0
BRDA:84,18,1,0
BRDA:90,19,0,0
BRDA:90,19,1,5
BRDA:93,20,0,5
BRDA:93,20,1,0
BRDA:94,21,0,0
BRDA:94,21,1,5
BRDA:95,22,0,0
BRDA:95,22,1,0
BRDA:98,23,0,0
BRDA:98,23,1,0
BRDA:101,24,0,0
BRDA:101,24,1,0
BRDA:105,25,0,5
BRDA:105,25,1,0
BRDA:106,26,0,5
BRDA:106,26,1,0
BRDA:109,27,0,0
BRDA:109,27,1,0
BRDA:112,28,0,0
BRDA:112,28,1,0
BRDA:116,29,0,0
BRDA:116,29,1,0
BRDA:117,30,0,0
BRDA:117,30,1,0
BRDA:120,31,0,0
BRDA:120,31,1,0
BRDA:123,32,0,0
BRDA:123,32,1,0
BRDA:127,33,0,0
BRDA:127,33,1,0
BRDA:128,34,0,0
BRDA:128,34,1,0
BRDA:131,35,0,0
BRDA:131,35,1,0
BRDA:134,36,0,0
BRDA:134,36,1,0
BRDA:146,37,0,0
BRDA:146,37,1,2
BRF:76
BRH:12
end_of_record
TN:
SF:src/ejercicio1/ejercicio1.ts
FN:27,(anonymous_0)
FNF:1
FNH:1
FNDA:4,(anonymous_0)
DA:7,1
DA:28,4
DA:29,4
DA:30,4
DA:31,4
DA:32,4
DA:33,4
DA:34,4
DA:35,4
LF:9
LH:9
BRF:0
BRH:0
end_of_record
